#
# There is insufficient memory for the Java Runtime Environment to continue.
# Native memory allocation (mmap) failed to map 134217728 bytes for G1 virtual space
# Possible reasons:
#   The system is out of physical RAM or swap space
#   The process is running with CompressedOops enabled, and the Java Heap may be blocking the growth of the native heap
# Possible solutions:
#   Reduce memory load on the system
#   Increase physical memory or swap space
#   Check if swap backing store is full
#   Decrease Java heap size (-Xmx/-Xms)
#   Decrease number of Java threads
#   Decrease Java thread stack sizes (-Xss)
#   Set larger code cache with -XX:ReservedCodeCacheSize=
#   JVM is running with Unscaled Compressed Oops mode in which the Java heap is
#     placed in the first 4GB address space. The Java Heap base address is the
#     maximum limit for the native heap growth. Please use -XX:HeapBaseMinAddress
#     to set the Java Heap base and to place the Java Heap above 4GB virtual address.
# This output file may be truncated or incomplete.
#
#  Out of Memory Error (os_windows.cpp:3530), pid=6804, tid=10456
#
# JRE version:  (18.0.2.1+1) (build )
# Java VM: Java HotSpot(TM) 64-Bit Server VM (18.0.2.1+1-1, mixed mode, sharing, tiered, compressed oops, compressed class ptrs, g1 gc, windows-amd64)
# No core dump will be written. Minidumps are not enabled by default on client versions of Windows
#

---------------  S U M M A R Y ------------

Command Line: -Dfile.encoding=UTF-8 -XX:+ShowCodeDetailsInExceptionMessages test

Host: Intel(R) Core(TM) i7-4600U CPU @ 2.10GHz, 4 cores, 7G,  Windows 10 , 64 bit Build 19041 (10.0.19041.1889)
Time: Mon Sep 19 10:51:11 2022 Türkiye Standart Saati elapsed time: 0.023537 seconds (0d 0h 0m 0s)

---------------  T H R E A D  ---------------

Current thread (0x00000199e9adcc90):  JavaThread "Unknown thread" [_thread_in_vm, id=10456, stack(0x00000008e5500000,0x00000008e5600000)]

Stack: [0x00000008e5500000,0x00000008e5600000]
Native frames: (J=compiled Java code, j=interpreted, Vv=VM code, C=native code)
V  [jvm.dll+0x6993aa]
V  [jvm.dll+0x7f46dd]
V  [jvm.dll+0x7f5fee]
V  [jvm.dll+0x7f66a3]
V  [jvm.dll+0x25cf1f]
V  [jvm.dll+0x6962f9]
V  [jvm.dll+0x68ae2a]
V  [jvm.dll+0x32255b]
V  [jvm.dll+0x329f36]
V  [jvm.dll+0x37eade]
V  [jvm.dll+0x37ed0f]
V  [jvm.dll+0x2fa2da]
V  [jvm.dll+0x2fb33d]
V  [jvm.dll+0x7c3310]
V  [jvm.dll+0x38be61]
V  [jvm.dll+0x7a2023]
V  [jvm.dll+0x40dc3f]
V  [jvm.dll+0x40f611]
C  [jli.dll+0x526b]
C  [ucrtbase.dll+0x21bb2]
C  [KERNEL32.DLL+0x17034]
C  [ntdll.dll+0x526a1]


---------------  P R O C E S S  ---------------

Threads class SMR info:
_java_thread_list=0x00007ffafc48e550, length=0, elements={
}

Java Threads: ( => current thread )

Other Threads:
  0x00000199e9b3bc30 WorkerThread "GC Thread#0" [stack: 0x00000008e5600000,0x00000008e5700000] [id=7532]
  0x00000199e9b4d7c0 ConcurrentGCThread "G1 Main Marker" [stack: 0x00000008e5700000,0x00000008e5800000] [id=4440]
  0x00000199e9b4e860 WorkerThread "G1 Conc#0" [stack: 0x00000008e5800000,0x00000008e5900000] [id=9716]

[error occurred during error reporting (printing all threads), id 0xc0000005, EXCEPTION_ACCESS_VIOLATION (0xc0000005) at pc=0x00007ffafbcba877]

VM state: not at safepoint (not fully initialized)

VM Mutex/Monitor currently owned by a thread:  ([mutex/lock_event])
[0x00000199e9ad8df0] Heap_lock - owner thread: 0x00000199e9adcc90

Heap address: 0x0000000081600000, size: 2026 MB, Compressed Oops mode: 32-bit

CDS archive(s) mapped at: [0x0000000000000000-0x0000000000000000-0x0000000000000000), size 0, SharedBaseAddress: 0x0000000800000000, ArchiveRelocationMode: 0.
Narrow klass base: 0x0000000000000000, Narrow klass shift: 0, Narrow klass range: 0x0

GC Precious Log:
 CardTable entry size: 512
 Card Set container configuration: InlinePtr #cards 5 size 8 Array Of Cards #cards 12 size 40 Howl #buckets 4 coarsen threshold 1843 Howl Bitmap #cards 512 size 80 coarsen threshold 460 Card regions per heap region 1 cards per card region 2048

Heap:
 garbage-first heap   total 0K, used 0K [0x0000000081600000, 0x0000000100000000)
  region size 1024K, 0 young (0K), 0 survivors (0K)

[error occurred during error reporting (printing heap information), id 0xc0000005, EXCEPTION_ACCESS_VIOLATION (0xc0000005) at pc=0x00007ffafc0a1839]

GC Heap History (0 events):
No events

Deoptimization events (0 events):
No events

Classes loaded (0 events):
No events

Classes unloaded (0 events):
No events

Classes redefined (0 events):
No events

Internal exceptions (0 events):
No events

VM Operations (0 events):
No events

Events (1 events):
Event: 0.009 Loaded shared library C:\Program Files\Java\jdk-18.0.2.1\bin\java.dll


Dynamic libraries:
0x00007ff60bb20000 - 0x00007ff60bb30000 	C:\Program Files\Java\jdk-18.0.2.1\bin\javaw.exe
0x00007ffb3b910000 - 0x00007ffb3bb08000 	C:\WINDOWS\SYSTEM32\ntdll.dll
0x00007ffb3a520000 - 0x00007ffb3a5dd000 	C:\WINDOWS\System32\KERNEL32.DLL
0x00007ffb39420000 - 0x00007ffb396ee000 	C:\WINDOWS\System32\KERNELBASE.dll
0x00007ffb39200000 - 0x00007ffb39300000 	C:\WINDOWS\System32\ucrtbase.dll
0x00007ffb34910000 - 0x00007ffb34928000 	C:\Program Files\Java\jdk-18.0.2.1\bin\jli.dll
0x00007ffb331b0000 - 0x00007ffb331ca000 	C:\Program Files\Java\jdk-18.0.2.1\bin\VCRUNTIME140.dll
0x00007ffb3a7b0000 - 0x00007ffb3a85e000 	C:\WINDOWS\System32\ADVAPI32.dll
0x00007ffb39b10000 - 0x00007ffb39bae000 	C:\WINDOWS\System32\msvcrt.dll
0x00007ffb3abe0000 - 0x00007ffb3ac7c000 	C:\WINDOWS\System32\sechost.dll
0x00007ffb3b4c0000 - 0x00007ffb3b5e5000 	C:\WINDOWS\System32\RPCRT4.dll
0x00007ffb39970000 - 0x00007ffb39b10000 	C:\WINDOWS\System32\USER32.dll
0x00007ffb39140000 - 0x00007ffb39162000 	C:\WINDOWS\System32\win32u.dll
0x00007ffb3b720000 - 0x00007ffb3b74a000 	C:\WINDOWS\System32\GDI32.dll
0x00007ffb39030000 - 0x00007ffb3913b000 	C:\WINDOWS\System32\gdi32full.dll
0x00007ffb396f0000 - 0x00007ffb3978d000 	C:\WINDOWS\System32\msvcp_win.dll
0x00007ffb28e80000 - 0x00007ffb2911a000 	C:\WINDOWS\WinSxS\amd64_microsoft.windows.common-controls_6595b64144ccf1df_6.0.19041.1110_none_60b5254171f9507e\COMCTL32.dll
0x00007ffb29cd0000 - 0x00007ffb29cda000 	C:\WINDOWS\SYSTEM32\VERSION.dll
0x00007ffb3a470000 - 0x00007ffb3a4a0000 	C:\WINDOWS\System32\IMM32.DLL
0x00007ffb34840000 - 0x00007ffb3484c000 	C:\Program Files\Java\jdk-18.0.2.1\bin\vcruntime140_1.dll
0x00007ffb31b20000 - 0x00007ffb31bad000 	C:\Program Files\Java\jdk-18.0.2.1\bin\msvcp140.dll
0x00007ffafb9b0000 - 0x00007ffafc5c1000 	C:\Program Files\Java\jdk-18.0.2.1\bin\server\jvm.dll
0x00007ffb3ac80000 - 0x00007ffb3ac88000 	C:\WINDOWS\System32\PSAPI.DLL
0x00007ffb34850000 - 0x00007ffb34859000 	C:\WINDOWS\SYSTEM32\WSOCK32.dll
0x00007ffb3a4a0000 - 0x00007ffb3a50b000 	C:\WINDOWS\System32\WS2_32.dll
0x00007ffb267c0000 - 0x00007ffb267e7000 	C:\WINDOWS\SYSTEM32\WINMM.dll
0x00007ffb378b0000 - 0x00007ffb378c2000 	C:\WINDOWS\SYSTEM32\kernel.appcore.dll
0x00007ffb33800000 - 0x00007ffb3380a000 	C:\Program Files\Java\jdk-18.0.2.1\bin\jimage.dll
0x00007ffb255c0000 - 0x00007ffb257a4000 	C:\WINDOWS\SYSTEM32\DBGHELP.DLL
0x00007ffb25570000 - 0x00007ffb2559c000 	C:\WINDOWS\SYSTEM32\dbgcore.DLL
0x00007ffb39170000 - 0x00007ffb391f2000 	C:\WINDOWS\System32\bcryptPrimitives.dll
0x00007ffb31450000 - 0x00007ffb31475000 	C:\Program Files\Java\jdk-18.0.2.1\bin\java.dll

dbghelp: loaded successfully - version: 4.0.5 - missing functions: none
symbol engine: initialized successfully - sym options: 0x614 - pdb path: .;C:\Program Files\Java\jdk-18.0.2.1\bin;C:\WINDOWS\SYSTEM32;C:\WINDOWS\WinSxS\amd64_microsoft.windows.common-controls_6595b64144ccf1df_6.0.19041.1110_none_60b5254171f9507e;C:\Program Files\Java\jdk-18.0.2.1\bin\server

VM Arguments:
jvm_args: -Dfile.encoding=UTF-8 -XX:+ShowCodeDetailsInExceptionMessages 
java_command: test
java_class_path (initial): C:\Users\korkm\eclipse-workspace\18. kullanýcýlardadegeralma\bin
Launcher Type: SUN_STANDARD

[Global flags]
     intx CICompilerCount                          = 3                                         {product} {ergonomic}
     uint ConcGCThreads                            = 1                                         {product} {ergonomic}
     uint G1ConcRefinementThreads                  = 4                                         {product} {ergonomic}
   size_t G1HeapRegionSize                         = 1048576                                   {product} {ergonomic}
    uintx GCDrainStackTargetSize                   = 64                                        {product} {ergonomic}
   size_t InitialHeapSize                          = 134217728                                 {product} {ergonomic}
   size_t MarkStackSize                            = 4194304                                   {product} {ergonomic}
   size_t MaxHeapSize                              = 2124414976                                {product} {ergonomic}
   size_t MinHeapDeltaBytes                        = 1048576                                   {product} {ergonomic}
   size_t MinHeapSize                              = 8388608                                   {product} {ergonomic}
    uintx NonNMethodCodeHeapSize                   = 5832780                                {pd product} {ergonomic}
    uintx NonProfiledCodeHeapSize                  = 122912730                              {pd product} {ergonomic}
    uintx ProfiledCodeHeapSize                     = 122912730                              {pd product} {ergonomic}
    uintx ReservedCodeCacheSize                    = 251658240                              {pd product} {ergonomic}
     bool SegmentedCodeCache                       = true                                      {product} {ergonomic}
     bool ShowCodeDetailsInExceptionMessages       = true                                   {manageable} {command line}
   size_t SoftMaxHeapSize                          = 2124414976                             {manageable} {ergonomic}
     bool UseCompressedClassPointers               = true                           {product lp64_product} {ergonomic}
     bool UseCompressedOops                        = true                           {product lp64_product} {ergonomic}
     bool UseG1GC                                  = true                                      {product} {ergonomic}
     bool UseLargePagesIndividualAllocation        = false                                  {pd product} {ergonomic}

Logging:
Log output configuration:
 #0: stdout all=warning uptime,level,tags foldmultilines=false
 #1: stderr all=off uptime,level,tags foldmultilines=false

Environment Variables:
PATH=C:/Program Files/Java/jdk-18.0.2.1/bin/server;C:/Program Files/Java/jdk-18.0.2.1/bin;C:\Program Files\Common Files\Oracle\Java\javapath;C:\WINDOWS\system32;C:\WINDOWS;C:\WINDOWS\System32\Wbem;C:\WINDOWS\System32\WindowsPowerShell\v1.0\;C:\WINDOWS\System32\OpenSSH\;C:\Users\korkm\AppData\Local\Microsoft\WindowsApps;;C:\Users\korkm\OneDrive\Masaüstü;
USERNAME=Misafir
OS=Windows_NT
PROCESSOR_IDENTIFIER=Intel64 Family 6 Model 69 Stepping 1, GenuineIntel



---------------  S Y S T E M  ---------------

OS:
 Windows 10 , 64 bit Build 19041 (10.0.19041.1889)
OS uptime: 0 days 20:14 hours

CPU: total 4 (initial active 4) (2 cores per cpu, 2 threads per core) family 6 model 69 stepping 1 microcode 0x25, cx8, cmov, fxsr, ht, mmx, sse, sse2, sse3, ssse3, sse4.1, sse4.2, popcnt, lzcnt, tsc, tscinvbit, avx, avx2, aes, erms, clmul, bmi1, bmi2, fma, vzeroupper, clflush

Memory: 4k page, system-wide physical 8101M (702M free)
TotalPageFile size 18040M (AvailPageFile size 31M)
current process WorkingSet (physical memory assigned to process): 10M, peak: 10M
current process commit charge ("private bytes"): 52M, peak: 179M

vm_info: Java HotSpot(TM) 64-Bit Server VM (18.0.2.1+1-1) for windows-amd64 JRE (18.0.2.1+1-1), built on Aug 16 2022 01:46:33 by "mach5one" with MS VC++ 16.8 / 16.9 (VS2019)

END.
